[2021-04-19 07:45:49.257] [exthost] [info] extension host started
[2021-04-19 07:45:49.402] [exthost] [info] ExtensionService#_doActivateExtension vscode.debug-auto-launch {"startup":true,"extensionId":{"value":"vscode.debug-auto-launch","_lower":"vscode.debug-auto-launch"},"activationEvent":"*"}
[2021-04-19 07:45:49.402] [exthost] [info] ExtensionService#loadCommonJSModule file:///usr/lib/code/extensions/debug-auto-launch/dist/extension
[2021-04-19 07:45:49.406] [exthost] [info] ExtensionService#_doActivateExtension vscode.git {"startup":true,"extensionId":{"value":"vscode.github","_lower":"vscode.github"},"activationEvent":"*"}
[2021-04-19 07:45:49.406] [exthost] [info] ExtensionService#loadCommonJSModule file:///usr/lib/code/extensions/git/dist/main
[2021-04-19 07:45:49.429] [exthost] [info] ExtensionService#_doActivateExtension CoenraadS.bracket-pair-colorizer-2 {"startup":true,"extensionId":{"value":"CoenraadS.bracket-pair-colorizer-2","_lower":"coenraads.bracket-pair-colorizer-2"},"activationEvent":"*"}
[2021-04-19 07:45:49.429] [exthost] [info] ExtensionService#loadCommonJSModule file:///home/jason/.vscode-oss/extensions/coenraads.bracket-pair-colorizer-2-0.1.4/out/src/extension
[2021-04-19 07:45:49.462] [exthost] [info] ExtensionService#_doActivateExtension dbaeumer.vscode-eslint {"startup":true,"extensionId":{"value":"dbaeumer.vscode-eslint","_lower":"dbaeumer.vscode-eslint"},"activationEvent":"*"}
[2021-04-19 07:45:49.463] [exthost] [info] ExtensionService#loadCommonJSModule file:///home/jason/.vscode-oss/extensions/dbaeumer.vscode-eslint-2.1.8/client/out/extension
[2021-04-19 07:45:49.487] [exthost] [info] ExtensionService#_doActivateExtension vscode-icons-team.vscode-icons {"startup":true,"extensionId":{"value":"vscode-icons-team.vscode-icons","_lower":"vscode-icons-team.vscode-icons"},"activationEvent":"*"}
[2021-04-19 07:45:49.487] [exthost] [info] ExtensionService#loadCommonJSModule file:///home/jason/.vscode-oss/extensions/vscode-icons-team.vscode-icons-11.4.0/dist/src/vscode-icons.bundle.js
[2021-04-19 07:45:49.512] [exthost] [info] ExtensionService#_doActivateExtension vscodevim.vim {"startup":true,"extensionId":{"value":"vscodevim.vim","_lower":"vscodevim.vim"},"activationEvent":"*"}
[2021-04-19 07:45:49.512] [exthost] [info] ExtensionService#loadCommonJSModule file:///home/jason/.vscode-oss/extensions/vscodevim.vim-1.19.3/out/extension
[2021-04-19 07:45:49.762] [exthost] [info] ExtensionService#_doActivateExtension ms-vscode.js-debug {"startup":false,"extensionId":{"value":"ms-vscode.js-debug","_lower":"ms-vscode.js-debug"},"activationEvent":"onCommand:extension.js-debug.clearAutoAttachVariables"}
[2021-04-19 07:45:49.762] [exthost] [info] ExtensionService#loadCommonJSModule file:///usr/lib/code/extensions/ms-vscode.js-debug/src/extension.js
[2021-04-19 07:45:49.847] [exthost] [info] ExtensionService#_doActivateExtension vscode.github {"startup":false,"extensionId":{"value":"vscode.github","_lower":"vscode.github"},"activationEvent":"*"}
[2021-04-19 07:45:49.848] [exthost] [info] ExtensionService#loadCommonJSModule file:///usr/lib/code/extensions/github/dist/extension.js
[2021-04-19 07:45:50.835] [exthost] [info] eager extensions activated
[2021-04-19 07:45:50.860] [exthost] [info] ExtensionService#_doActivateExtension vscode.emmet {"startup":false,"extensionId":{"value":"vscode.emmet","_lower":"vscode.emmet"},"activationEvent":"onStartupFinished"}
[2021-04-19 07:45:50.860] [exthost] [info] ExtensionService#loadCommonJSModule file:///usr/lib/code/extensions/emmet/dist/node/emmetNodeMain
[2021-04-19 07:45:50.868] [exthost] [info] ExtensionService#_doActivateExtension vscode.merge-conflict {"startup":false,"extensionId":{"value":"vscode.merge-conflict","_lower":"vscode.merge-conflict"},"activationEvent":"onStartupFinished"}
[2021-04-19 07:45:50.868] [exthost] [info] ExtensionService#loadCommonJSModule file:///usr/lib/code/extensions/merge-conflict/dist/mergeConflictMain
[2021-04-19 07:45:50.871] [exthost] [info] ExtensionService#_doActivateExtension vscode.testing-editor-contributions {"startup":false,"extensionId":{"value":"vscode.testing-editor-contributions","_lower":"vscode.testing-editor-contributions"},"activationEvent":"onStartupFinished"}
[2021-04-19 07:45:50.871] [exthost] [info] ExtensionService#loadCommonJSModule file:///usr/lib/code/extensions/testing-editor-contributions/dist/extension.js
[2021-04-19 07:45:50.872] [exthost] [info] ExtensionService#_doActivateExtension esbenp.prettier-vscode {"startup":false,"extensionId":{"value":"esbenp.prettier-vscode","_lower":"esbenp.prettier-vscode"},"activationEvent":"onStartupFinished"}
[2021-04-19 07:45:50.872] [exthost] [info] ExtensionService#loadCommonJSModule file:///home/jason/.vscode-oss/extensions/esbenp.prettier-vscode-6.3.2/dist/extension
[2021-04-19 07:48:08.309] [exthost] [warning] TextEditor is closed/disposed
[2021-04-19 07:48:08.309] [exthost] [warning] TextEditor is closed/disposed
[2021-04-19 07:48:08.313] [exthost] [warning] {"name":"DISPOSED","message":"TextEditor(vs.editor.ICodeEditor:1,$model1) has been disposed"}
[2021-04-19 07:48:15.305] [exthost] [info] extension host terminating: received terminate message from renderer
[2021-04-19 07:48:16.316] [exthost] [info] exiting with code 0
